.\Debug\winprom.bsc
.\Debug\winprom.ilk
C:\Users\esquared\Documents\code\prominence\winprom\.\Debug\winprom.exe
C:\Users\esquared\Documents\code\prominence\winprom\Debug\Align_dlg.obj
C:\Users\esquared\Documents\code\prominence\winprom\Debug\Align_dlg.sbr
C:\USERS\ESQUARED\DOCUMENTS\CODE\PROMINENCE\WINPROM\DEBUG\ANALYZECTL_DLG.OBJ
C:\USERS\ESQUARED\DOCUMENTS\CODE\PROMINENCE\WINPROM\DEBUG\ANALYZECTL_DLG.SBR
C:\USERS\ESQUARED\DOCUMENTS\CODE\PROMINENCE\WINPROM\DEBUG\ASSOC_DLG.OBJ
C:\USERS\ESQUARED\DOCUMENTS\CODE\PROMINENCE\WINPROM\DEBUG\ASSOC_DLG.SBR
C:\USERS\ESQUARED\DOCUMENTS\CODE\PROMINENCE\WINPROM\DEBUG\BACKGDTASK_DLG.OBJ
C:\USERS\ESQUARED\DOCUMENTS\CODE\PROMINENCE\WINPROM\DEBUG\BACKGDTASK_DLG.SBR
C:\USERS\ESQUARED\DOCUMENTS\CODE\PROMINENCE\WINPROM\DEBUG\BASINSADLLISTVIEW.SBR
C:\USERS\ESQUARED\DOCUMENTS\CODE\PROMINENCE\WINPROM\DEBUG\BROWSEFORMAT_DLG.OBJ
C:\USERS\ESQUARED\DOCUMENTS\CODE\PROMINENCE\WINPROM\DEBUG\BROWSEFORMAT_DLG.SBR
C:\Users\esquared\Documents\code\prominence\winprom\Debug\BrowserFrame.obj
C:\Users\esquared\Documents\code\prominence\winprom\Debug\BrowserFrame.sbr
C:\Users\esquared\Documents\code\prominence\winprom\Debug\BrowserHistory.obj
C:\Users\esquared\Documents\code\prominence\winprom\Debug\BrowserHistory_dlg.sbr
C:\Users\esquared\Documents\code\prominence\winprom\Debug\BrowserView.obj
C:\Users\esquared\Documents\code\prominence\winprom\Debug\BrowserView.sbr
C:\Users\esquared\Documents\code\prominence\winprom\Debug\cl.command.1.tlog
C:\Users\esquared\Documents\code\prominence\winprom\Debug\CL.read.1.tlog
C:\Users\esquared\Documents\code\prominence\winprom\Debug\CL.write.1.tlog
C:\USERS\ESQUARED\DOCUMENTS\CODE\PROMINENCE\WINPROM\DEBUG\COLORBOX.OBJ
C:\USERS\ESQUARED\DOCUMENTS\CODE\PROMINENCE\WINPROM\DEBUG\COLORBOX.SBR
C:\USERS\ESQUARED\DOCUMENTS\CODE\PROMINENCE\WINPROM\DEBUG\CONTOUR_DLG.OBJ
C:\USERS\ESQUARED\DOCUMENTS\CODE\PROMINENCE\WINPROM\DEBUG\CONTOUR_DLG.SBR
C:\Users\esquared\Documents\code\prominence\winprom\Debug\Crawler.obj
C:\USERS\ESQUARED\DOCUMENTS\CODE\PROMINENCE\WINPROM\DEBUG\CROP_DLG.OBJ
C:\USERS\ESQUARED\DOCUMENTS\CODE\PROMINENCE\WINPROM\DEBUG\CROP_DLG.SBR
C:\USERS\ESQUARED\DOCUMENTS\CODE\PROMINENCE\WINPROM\DEBUG\CUTOFFONLY_DLG.OBJ
C:\USERS\ESQUARED\DOCUMENTS\CODE\PROMINENCE\WINPROM\DEBUG\CUTOFFONLY_DLG.SBR
C:\USERS\ESQUARED\DOCUMENTS\CODE\PROMINENCE\WINPROM\DEBUG\CYCLELISTVIEW.SBR
C:\USERS\ESQUARED\DOCUMENTS\CODE\PROMINENCE\WINPROM\DEBUG\CYCLESADL_DLG.OBJ
C:\USERS\ESQUARED\DOCUMENTS\CODE\PROMINENCE\WINPROM\DEBUG\CYCLESADL_DLG.SBR
C:\USERS\ESQUARED\DOCUMENTS\CODE\PROMINENCE\WINPROM\DEBUG\DATA_DLG.SBR
C:\USERS\ESQUARED\DOCUMENTS\CODE\PROMINENCE\WINPROM\DEBUG\DATAALIGN_DLG.SBR
C:\USERS\ESQUARED\DOCUMENTS\CODE\PROMINENCE\WINPROM\DEBUG\DATABASE.SBR
C:\USERS\ESQUARED\DOCUMENTS\CODE\PROMINENCE\WINPROM\DEBUG\DATAFILTER_DLG.OBJ
C:\USERS\ESQUARED\DOCUMENTS\CODE\PROMINENCE\WINPROM\DEBUG\DATAFILTER_DLG.SBR
C:\USERS\ESQUARED\DOCUMENTS\CODE\PROMINENCE\WINPROM\DEBUG\DATAFRAME.OBJ
C:\USERS\ESQUARED\DOCUMENTS\CODE\PROMINENCE\WINPROM\DEBUG\DATAFRAME.SBR
C:\USERS\ESQUARED\DOCUMENTS\CODE\PROMINENCE\WINPROM\DEBUG\DATAIMPORT_DLG.SBR
C:\USERS\ESQUARED\DOCUMENTS\CODE\PROMINENCE\WINPROM\DEBUG\DATAINFO_DLG.OBJ
C:\USERS\ESQUARED\DOCUMENTS\CODE\PROMINENCE\WINPROM\DEBUG\DATAINFO_DLG.SBR
C:\USERS\ESQUARED\DOCUMENTS\CODE\PROMINENCE\WINPROM\DEBUG\DATALISTSUMMARY_DLG.OBJ
C:\USERS\ESQUARED\DOCUMENTS\CODE\PROMINENCE\WINPROM\DEBUG\DATALISTSUMMARY_DLG.SBR
C:\USERS\ESQUARED\DOCUMENTS\CODE\PROMINENCE\WINPROM\DEBUG\DATALISTVIEW.SBR
C:\USERS\ESQUARED\DOCUMENTS\CODE\PROMINENCE\WINPROM\DEBUG\DATALOCATIONFILTER_DLG.OBJ
C:\USERS\ESQUARED\DOCUMENTS\CODE\PROMINENCE\WINPROM\DEBUG\DATALOCATIONFILTER_DLG.SBR
C:\USERS\ESQUARED\DOCUMENTS\CODE\PROMINENCE\WINPROM\DEBUG\DEFINEFLAT_DLG.OBJ
C:\USERS\ESQUARED\DOCUMENTS\CODE\PROMINENCE\WINPROM\DEBUG\DEFINEFLAT_DLG.SBR
C:\Users\esquared\Documents\code\prominence\winprom\Debug\Dlpr.obj
C:\Users\esquared\Documents\code\prominence\winprom\Debug\Dlpr_anl.obj
C:\USERS\ESQUARED\DOCUMENTS\CODE\PROMINENCE\WINPROM\DEBUG\DOMAIN.OBJ
C:\USERS\ESQUARED\DOCUMENTS\CODE\PROMINENCE\WINPROM\DEBUG\DOMAIN.SBR
C:\USERS\ESQUARED\DOCUMENTS\CODE\PROMINENCE\WINPROM\DEBUG\DOMAIN_ANAL.SBR
C:\Users\esquared\Documents\code\prominence\winprom\Debug\Domain_anl.obj
C:\USERS\ESQUARED\DOCUMENTS\CODE\PROMINENCE\WINPROM\DEBUG\DOMAINVIEW_DLG.OBJ
C:\USERS\ESQUARED\DOCUMENTS\CODE\PROMINENCE\WINPROM\DEBUG\DOMAINVIEW_DLG.SBR
C:\USERS\ESQUARED\DOCUMENTS\CODE\PROMINENCE\WINPROM\DEBUG\DOMAPINFO_DLG.OBJ
C:\USERS\ESQUARED\DOCUMENTS\CODE\PROMINENCE\WINPROM\DEBUG\DOMAPINFO_DLG.SBR
C:\Users\esquared\Documents\code\prominence\winprom\Debug\EditedList_dlg.obj
C:\Users\esquared\Documents\code\prominence\winprom\Debug\EditedList_dlg.sbr
C:\USERS\ESQUARED\DOCUMENTS\CODE\PROMINENCE\WINPROM\DEBUG\ELEVCOLOR_DLG.OBJ
C:\USERS\ESQUARED\DOCUMENTS\CODE\PROMINENCE\WINPROM\DEBUG\ELEVCOLOR_DLG.SBR
C:\USERS\ESQUARED\DOCUMENTS\CODE\PROMINENCE\WINPROM\DEBUG\ELEVCONFLICT_DLG.OBJ
C:\USERS\ESQUARED\DOCUMENTS\CODE\PROMINENCE\WINPROM\DEBUG\ELEVCONFLICT_DLG.SBR
C:\USERS\ESQUARED\DOCUMENTS\CODE\PROMINENCE\WINPROM\DEBUG\ELEVMAPINFO_DLG.OBJ
C:\USERS\ESQUARED\DOCUMENTS\CODE\PROMINENCE\WINPROM\DEBUG\ELEVMAPINFO_DLG.SBR
C:\Users\esquared\Documents\code\prominence\winprom\Debug\ElevRange_dlg.obj
C:\Users\esquared\Documents\code\prominence\winprom\Debug\ElevRange_dlg.sbr
C:\USERS\ESQUARED\DOCUMENTS\CODE\PROMINENCE\WINPROM\DEBUG\ELEVRECT_DLG.OBJ
C:\USERS\ESQUARED\DOCUMENTS\CODE\PROMINENCE\WINPROM\DEBUG\ELEVRECT_DLG.SBR
C:\Users\esquared\Documents\code\prominence\winprom\Debug\ErrorAllow_dlg.obj
C:\Users\esquared\Documents\code\prominence\winprom\Debug\ErrorAllow_dlg.sbr
C:\USERS\ESQUARED\DOCUMENTS\CODE\PROMINENCE\WINPROM\DEBUG\ERRORANAL_DLG.OBJ
C:\USERS\ESQUARED\DOCUMENTS\CODE\PROMINENCE\WINPROM\DEBUG\ERRORANAL_DLG.SBR
C:\USERS\ESQUARED\DOCUMENTS\CODE\PROMINENCE\WINPROM\DEBUG\ERRORFILTER_DLG.OBJ
C:\USERS\ESQUARED\DOCUMENTS\CODE\PROMINENCE\WINPROM\DEBUG\ERRORFILTER_DLG.SBR
C:\Users\esquared\Documents\code\prominence\winprom\Debug\ErrorListSummary_dlg.obj
C:\USERS\ESQUARED\DOCUMENTS\CODE\PROMINENCE\WINPROM\DEBUG\ERRORLISTVIEW.SBR
C:\USERS\ESQUARED\DOCUMENTS\CODE\PROMINENCE\WINPROM\DEBUG\ERRORPARAM_DLG.OBJ
C:\USERS\ESQUARED\DOCUMENTS\CODE\PROMINENCE\WINPROM\DEBUG\ERRORPARAM_DLG.SBR
C:\Users\esquared\Documents\code\prominence\winprom\Debug\FeatureBrowserView.obj
C:\USERS\ESQUARED\DOCUMENTS\CODE\PROMINENCE\WINPROM\DEBUG\FEATUREEDIT_DLG.OBJ
C:\USERS\ESQUARED\DOCUMENTS\CODE\PROMINENCE\WINPROM\DEBUG\FEATUREEDIT_DLG.SBR
C:\USERS\ESQUARED\DOCUMENTS\CODE\PROMINENCE\WINPROM\DEBUG\FEATUREFILTER_DLG.OBJ
C:\USERS\ESQUARED\DOCUMENTS\CODE\PROMINENCE\WINPROM\DEBUG\FEATUREFILTER_DLG.SBR
C:\USERS\ESQUARED\DOCUMENTS\CODE\PROMINENCE\WINPROM\DEBUG\FEATUREFMT_DLG.OBJ
C:\USERS\ESQUARED\DOCUMENTS\CODE\PROMINENCE\WINPROM\DEBUG\FEATUREFMT_DLG.SBR
C:\USERS\ESQUARED\DOCUMENTS\CODE\PROMINENCE\WINPROM\DEBUG\FEATURELISTSUMMARY_DLG.OBJ
C:\USERS\ESQUARED\DOCUMENTS\CODE\PROMINENCE\WINPROM\DEBUG\FEATURELISTSUMMARY_DLG.SBR
C:\USERS\ESQUARED\DOCUMENTS\CODE\PROMINENCE\WINPROM\DEBUG\FEATURELISTVIEW.OBJ
C:\USERS\ESQUARED\DOCUMENTS\CODE\PROMINENCE\WINPROM\DEBUG\FEATURELISTVIEW.SBR
C:\USERS\ESQUARED\DOCUMENTS\CODE\PROMINENCE\WINPROM\DEBUG\FEATURETYPEFILTER_DLG.OBJ
C:\USERS\ESQUARED\DOCUMENTS\CODE\PROMINENCE\WINPROM\DEBUG\FEATURETYPEFILTER_DLG.SBR
C:\USERS\ESQUARED\DOCUMENTS\CODE\PROMINENCE\WINPROM\DEBUG\FEATUREVIEW_DLG.OBJ
C:\USERS\ESQUARED\DOCUMENTS\CODE\PROMINENCE\WINPROM\DEBUG\FEATUREVIEW_DLG.SBR
C:\USERS\ESQUARED\DOCUMENTS\CODE\PROMINENCE\WINPROM\DEBUG\FIELDS_DLG.OBJ
C:\USERS\ESQUARED\DOCUMENTS\CODE\PROMINENCE\WINPROM\DEBUG\FIELDS_DLG.SBR
C:\USERS\ESQUARED\DOCUMENTS\CODE\PROMINENCE\WINPROM\DEBUG\FREEHEIGHT_DLG.OBJ
C:\USERS\ESQUARED\DOCUMENTS\CODE\PROMINENCE\WINPROM\DEBUG\FREEHEIGHT_DLG.SBR
C:\USERS\ESQUARED\DOCUMENTS\CODE\PROMINENCE\WINPROM\DEBUG\FREEHEIGHTPARAM_DLG.OBJ
C:\USERS\ESQUARED\DOCUMENTS\CODE\PROMINENCE\WINPROM\DEBUG\FREEHEIGHTPARAM_DLG.SBR
C:\USERS\ESQUARED\DOCUMENTS\CODE\PROMINENCE\WINPROM\DEBUG\GENERICLISTVIEW.OBJ
C:\USERS\ESQUARED\DOCUMENTS\CODE\PROMINENCE\WINPROM\DEBUG\GENERICLISTVIEW.SBR
C:\USERS\ESQUARED\DOCUMENTS\CODE\PROMINENCE\WINPROM\DEBUG\GRAPHFRAME.OBJ
C:\USERS\ESQUARED\DOCUMENTS\CODE\PROMINENCE\WINPROM\DEBUG\GRAPHFRAME.SBR
C:\Users\esquared\Documents\code\prominence\winprom\Debug\GraphPrint_dlg.obj
C:\USERS\ESQUARED\DOCUMENTS\CODE\PROMINENCE\WINPROM\DEBUG\GRAPHVIEW.SBR
C:\USERS\ESQUARED\DOCUMENTS\CODE\PROMINENCE\WINPROM\DEBUG\GRID.OBJ
C:\USERS\ESQUARED\DOCUMENTS\CODE\PROMINENCE\WINPROM\DEBUG\GRID.SBR
C:\USERS\ESQUARED\DOCUMENTS\CODE\PROMINENCE\WINPROM\DEBUG\GRIDPOINT.OBJ
C:\USERS\ESQUARED\DOCUMENTS\CODE\PROMINENCE\WINPROM\DEBUG\GRIDPOINT.SBR
C:\USERS\ESQUARED\DOCUMENTS\CODE\PROMINENCE\WINPROM\DEBUG\GRIDPOINTFILTER_DLG.OBJ
C:\USERS\ESQUARED\DOCUMENTS\CODE\PROMINENCE\WINPROM\DEBUG\GRIDPOINTFILTER_DLG.SBR
C:\USERS\ESQUARED\DOCUMENTS\CODE\PROMINENCE\WINPROM\DEBUG\GRIDVIEW_DLG.OBJ
C:\USERS\ESQUARED\DOCUMENTS\CODE\PROMINENCE\WINPROM\DEBUG\GRIDVIEW_DLG.SBR
C:\USERS\ESQUARED\DOCUMENTS\CODE\PROMINENCE\WINPROM\DEBUG\GROUPLISTVIEW.OBJ
C:\USERS\ESQUARED\DOCUMENTS\CODE\PROMINENCE\WINPROM\DEBUG\GROUPLISTVIEW.SBR
C:\USERS\ESQUARED\DOCUMENTS\CODE\PROMINENCE\WINPROM\DEBUG\IDENTIFYFEATURE_DLG.OBJ
C:\USERS\ESQUARED\DOCUMENTS\CODE\PROMINENCE\WINPROM\DEBUG\IDENTIFYFEATURE_DLG.SBR
C:\USERS\ESQUARED\DOCUMENTS\CODE\PROMINENCE\WINPROM\DEBUG\IMPARAM_DLG.OBJ
C:\USERS\ESQUARED\DOCUMENTS\CODE\PROMINENCE\WINPROM\DEBUG\IMPARAM_DLG.SBR
C:\USERS\ESQUARED\DOCUMENTS\CODE\PROMINENCE\WINPROM\DEBUG\IMPOUT_DLG.OBJ
C:\USERS\ESQUARED\DOCUMENTS\CODE\PROMINENCE\WINPROM\DEBUG\IMPOUT_DLG.SBR
C:\USERS\ESQUARED\DOCUMENTS\CODE\PROMINENCE\WINPROM\DEBUG\LISTFILTER_DLG.OBJ
C:\USERS\ESQUARED\DOCUMENTS\CODE\PROMINENCE\WINPROM\DEBUG\LISTFILTER_DLG.SBR
C:\USERS\ESQUARED\DOCUMENTS\CODE\PROMINENCE\WINPROM\DEBUG\LISTFRAME.OBJ
C:\USERS\ESQUARED\DOCUMENTS\CODE\PROMINENCE\WINPROM\DEBUG\LISTFRAME.SBR
C:\USERS\ESQUARED\DOCUMENTS\CODE\PROMINENCE\WINPROM\DEBUG\LISTSADL_DLG.OBJ
C:\USERS\ESQUARED\DOCUMENTS\CODE\PROMINENCE\WINPROM\DEBUG\LISTSADL_DLG.SBR
C:\USERS\ESQUARED\DOCUMENTS\CODE\PROMINENCE\WINPROM\DEBUG\LOCATIONFMT_DLG.OBJ
C:\USERS\ESQUARED\DOCUMENTS\CODE\PROMINENCE\WINPROM\DEBUG\LOCATIONFMT_DLG.SBR
C:\USERS\ESQUARED\DOCUMENTS\CODE\PROMINENCE\WINPROM\DEBUG\LPRTREEVIEW.SBR
C:\USERS\ESQUARED\DOCUMENTS\CODE\PROMINENCE\WINPROM\DEBUG\MAPINFO_DLG.OBJ
C:\USERS\ESQUARED\DOCUMENTS\CODE\PROMINENCE\WINPROM\DEBUG\MAPINFO_DLG.SBR
C:\USERS\ESQUARED\DOCUMENTS\CODE\PROMINENCE\WINPROM\DEBUG\MAPVIEW.SBR
C:\USERS\ESQUARED\DOCUMENTS\CODE\PROMINENCE\WINPROM\DEBUG\NOISESUM_DLG.OBJ
C:\USERS\ESQUARED\DOCUMENTS\CODE\PROMINENCE\WINPROM\DEBUG\NOISESUM_DLG.SBR
C:\USERS\ESQUARED\DOCUMENTS\CODE\PROMINENCE\WINPROM\DEBUG\PARENTLISTVIEW.OBJ
C:\USERS\ESQUARED\DOCUMENTS\CODE\PROMINENCE\WINPROM\DEBUG\PARENTLISTVIEW.SBR
C:\USERS\ESQUARED\DOCUMENTS\CODE\PROMINENCE\WINPROM\DEBUG\PARENTTYPE_DLG.OBJ
C:\USERS\ESQUARED\DOCUMENTS\CODE\PROMINENCE\WINPROM\DEBUG\PARENTTYPE_DLG.SBR
C:\USERS\ESQUARED\DOCUMENTS\CODE\PROMINENCE\WINPROM\DEBUG\PEAKLISTVIEW.SBR
C:\USERS\ESQUARED\DOCUMENTS\CODE\PROMINENCE\WINPROM\DEBUG\PEAKNBRLISTVIEW.SBR
C:\USERS\ESQUARED\DOCUMENTS\CODE\PROMINENCE\WINPROM\DEBUG\POINT.SBR
C:\USERS\ESQUARED\DOCUMENTS\CODE\PROMINENCE\WINPROM\DEBUG\PRINTMAP_DLG.OBJ
C:\USERS\ESQUARED\DOCUMENTS\CODE\PROMINENCE\WINPROM\DEBUG\PRINTMAP_DLG.SBR
C:\USERS\ESQUARED\DOCUMENTS\CODE\PROMINENCE\WINPROM\DEBUG\PROFILEFRAME.OBJ
C:\USERS\ESQUARED\DOCUMENTS\CODE\PROMINENCE\WINPROM\DEBUG\PROFILEFRAME.SBR
C:\USERS\ESQUARED\DOCUMENTS\CODE\PROMINENCE\WINPROM\DEBUG\PROFILEPARAM_DLG.OBJ
C:\USERS\ESQUARED\DOCUMENTS\CODE\PROMINENCE\WINPROM\DEBUG\PROFILEPARAM_DLG.SBR
C:\USERS\ESQUARED\DOCUMENTS\CODE\PROMINENCE\WINPROM\DEBUG\PROFILEVIEW.SBR
C:\USERS\ESQUARED\DOCUMENTS\CODE\PROMINENCE\WINPROM\DEBUG\PROMCUTOFF_DLG.OBJ
C:\USERS\ESQUARED\DOCUMENTS\CODE\PROMINENCE\WINPROM\DEBUG\PROMCUTOFF_DLG.SBR
C:\USERS\ESQUARED\DOCUMENTS\CODE\PROMINENCE\WINPROM\DEBUG\PROMDOC.SBR
C:\USERS\ESQUARED\DOCUMENTS\CODE\PROMINENCE\WINPROM\DEBUG\PROMFRAME.OBJ
C:\USERS\ESQUARED\DOCUMENTS\CODE\PROMINENCE\WINPROM\DEBUG\PROMFRAME.SBR
C:\USERS\ESQUARED\DOCUMENTS\CODE\PROMINENCE\WINPROM\DEBUG\PROMRULERBAR.OBJ
C:\USERS\ESQUARED\DOCUMENTS\CODE\PROMINENCE\WINPROM\DEBUG\PROMRULERBAR.SBR
C:\USERS\ESQUARED\DOCUMENTS\CODE\PROMINENCE\WINPROM\DEBUG\PROMSADL_DLG.OBJ
C:\USERS\ESQUARED\DOCUMENTS\CODE\PROMINENCE\WINPROM\DEBUG\PROMSADL_DLG.SBR
C:\USERS\ESQUARED\DOCUMENTS\CODE\PROMINENCE\WINPROM\DEBUG\PROMSADLLISTVIEW.SBR
C:\USERS\ESQUARED\DOCUMENTS\CODE\PROMINENCE\WINPROM\DEBUG\PURGE_DLG.OBJ
C:\USERS\ESQUARED\DOCUMENTS\CODE\PROMINENCE\WINPROM\DEBUG\PURGE_DLG.SBR
C:\USERS\ESQUARED\DOCUMENTS\CODE\PROMINENCE\WINPROM\DEBUG\PURGEDOMAIN_DLG.OBJ
C:\USERS\ESQUARED\DOCUMENTS\CODE\PROMINENCE\WINPROM\DEBUG\PURGEDOMAIN_DLG.SBR
C:\USERS\ESQUARED\DOCUMENTS\CODE\PROMINENCE\WINPROM\DEBUG\PURGENOISE_DLG.OBJ
C:\USERS\ESQUARED\DOCUMENTS\CODE\PROMINENCE\WINPROM\DEBUG\PURGENOISE_DLG.SBR
C:\Users\esquared\Documents\code\prominence\winprom\Debug\PurgePeak_dlg.obj
C:\Users\esquared\Documents\code\prominence\winprom\Debug\PurgePeak_dlg.sbr
C:\USERS\ESQUARED\DOCUMENTS\CODE\PROMINENCE\WINPROM\DEBUG\RELIEF_DLG.OBJ
C:\USERS\ESQUARED\DOCUMENTS\CODE\PROMINENCE\WINPROM\DEBUG\RELIEF_DLG.SBR
C:\USERS\ESQUARED\DOCUMENTS\CODE\PROMINENCE\WINPROM\DEBUG\RIDGEVIEW_DLG.OBJ
C:\USERS\ESQUARED\DOCUMENTS\CODE\PROMINENCE\WINPROM\DEBUG\RIDGEVIEW_DLG.SBR
C:\USERS\ESQUARED\DOCUMENTS\CODE\PROMINENCE\WINPROM\DEBUG\RQFINFO_DLG.SBR
C:\USERS\ESQUARED\DOCUMENTS\CODE\PROMINENCE\WINPROM\DEBUG\RULERBAR.OBJ
C:\USERS\ESQUARED\DOCUMENTS\CODE\PROMINENCE\WINPROM\DEBUG\RULERBAR.SBR
C:\USERS\ESQUARED\DOCUMENTS\CODE\PROMINENCE\WINPROM\DEBUG\RUNOFFLIST_DLG.OBJ
C:\USERS\ESQUARED\DOCUMENTS\CODE\PROMINENCE\WINPROM\DEBUG\RUNOFFLIST_DLG.SBR
C:\USERS\ESQUARED\DOCUMENTS\CODE\PROMINENCE\WINPROM\DEBUG\RUNOFFLISTVIEW.OBJ
C:\USERS\ESQUARED\DOCUMENTS\CODE\PROMINENCE\WINPROM\DEBUG\RUNOFFLISTVIEW.SBR
C:\USERS\ESQUARED\DOCUMENTS\CODE\PROMINENCE\WINPROM\DEBUG\RUNOFFNBR_DLG.OBJ
C:\USERS\ESQUARED\DOCUMENTS\CODE\PROMINENCE\WINPROM\DEBUG\RUNOFFNBR_DLG.SBR
C:\USERS\ESQUARED\DOCUMENTS\CODE\PROMINENCE\WINPROM\DEBUG\RUNOFFNBRLISTVIEW.OBJ
C:\USERS\ESQUARED\DOCUMENTS\CODE\PROMINENCE\WINPROM\DEBUG\RUNOFFNBRLISTVIEW.SBR
C:\USERS\ESQUARED\DOCUMENTS\CODE\PROMINENCE\WINPROM\DEBUG\SADDLELISTVIEW.SBR
C:\USERS\ESQUARED\DOCUMENTS\CODE\PROMINENCE\WINPROM\DEBUG\SADDLEWALKINVVIEW.SBR
C:\USERS\ESQUARED\DOCUMENTS\CODE\PROMINENCE\WINPROM\DEBUG\SCALE_DLG.OBJ
C:\USERS\ESQUARED\DOCUMENTS\CODE\PROMINENCE\WINPROM\DEBUG\SCALE_DLG.SBR
C:\USERS\ESQUARED\DOCUMENTS\CODE\PROMINENCE\WINPROM\DEBUG\SCRIPTCTL_DLG.OBJ
C:\USERS\ESQUARED\DOCUMENTS\CODE\PROMINENCE\WINPROM\DEBUG\SCRIPTCTL_DLG.SBR
C:\USERS\ESQUARED\DOCUMENTS\CODE\PROMINENCE\WINPROM\DEBUG\SETLOCATION_DLG.OBJ
C:\USERS\ESQUARED\DOCUMENTS\CODE\PROMINENCE\WINPROM\DEBUG\SETLOCATION_DLG.SBR
C:\USERS\ESQUARED\DOCUMENTS\CODE\PROMINENCE\WINPROM\DEBUG\SETPROFILE_DLG.OBJ
C:\USERS\ESQUARED\DOCUMENTS\CODE\PROMINENCE\WINPROM\DEBUG\SETPROFILE_DLG.SBR
C:\USERS\ESQUARED\DOCUMENTS\CODE\PROMINENCE\WINPROM\DEBUG\SHORELINE_DLG.OBJ
C:\USERS\ESQUARED\DOCUMENTS\CODE\PROMINENCE\WINPROM\DEBUG\SHORELINE_DLG.SBR
C:\USERS\ESQUARED\DOCUMENTS\CODE\PROMINENCE\WINPROM\DEBUG\SPLASH.OBJ
C:\USERS\ESQUARED\DOCUMENTS\CODE\PROMINENCE\WINPROM\DEBUG\SPLASH.SBR
C:\USERS\ESQUARED\DOCUMENTS\CODE\PROMINENCE\WINPROM\DEBUG\STATOPTIONS_DLG.OBJ
C:\USERS\ESQUARED\DOCUMENTS\CODE\PROMINENCE\WINPROM\DEBUG\STATOPTIONS_DLG.SBR
C:\USERS\ESQUARED\DOCUMENTS\CODE\PROMINENCE\WINPROM\DEBUG\STDAFX.OBJ
C:\USERS\ESQUARED\DOCUMENTS\CODE\PROMINENCE\WINPROM\DEBUG\STDAFX.SBR
C:\USERS\ESQUARED\DOCUMENTS\CODE\PROMINENCE\WINPROM\DEBUG\SWI_DLG.OBJ
C:\USERS\ESQUARED\DOCUMENTS\CODE\PROMINENCE\WINPROM\DEBUG\SWI_DLG.SBR
C:\Users\esquared\Documents\code\prominence\winprom\Debug\timer.sbr
C:\USERS\ESQUARED\DOCUMENTS\CODE\PROMINENCE\WINPROM\DEBUG\TRANSFORM_DLG.OBJ
C:\USERS\ESQUARED\DOCUMENTS\CODE\PROMINENCE\WINPROM\DEBUG\TRANSFORM_DLG.SBR
C:\USERS\ESQUARED\DOCUMENTS\CODE\PROMINENCE\WINPROM\DEBUG\TRANSFORMTREE_DLG.OBJ
C:\USERS\ESQUARED\DOCUMENTS\CODE\PROMINENCE\WINPROM\DEBUG\TRANSFORMTREE_DLG.SBR
C:\USERS\ESQUARED\DOCUMENTS\CODE\PROMINENCE\WINPROM\DEBUG\TRANSPAL_DLG.OBJ
C:\USERS\ESQUARED\DOCUMENTS\CODE\PROMINENCE\WINPROM\DEBUG\TRANSPAL_DLG.SBR
C:\USERS\ESQUARED\DOCUMENTS\CODE\PROMINENCE\WINPROM\DEBUG\TREEFILTER_DLG.OBJ
C:\USERS\ESQUARED\DOCUMENTS\CODE\PROMINENCE\WINPROM\DEBUG\TREEFILTER_DLG.SBR
C:\USERS\ESQUARED\DOCUMENTS\CODE\PROMINENCE\WINPROM\DEBUG\TREEFRAME.OBJ
C:\USERS\ESQUARED\DOCUMENTS\CODE\PROMINENCE\WINPROM\DEBUG\TREEFRAME.SBR
C:\USERS\ESQUARED\DOCUMENTS\CODE\PROMINENCE\WINPROM\DEBUG\TREEINFO_DLG.OBJ
C:\USERS\ESQUARED\DOCUMENTS\CODE\PROMINENCE\WINPROM\DEBUG\TREEINFO_DLG.SBR
C:\USERS\ESQUARED\DOCUMENTS\CODE\PROMINENCE\WINPROM\DEBUG\TREEPASTE_DLG.OBJ
C:\USERS\ESQUARED\DOCUMENTS\CODE\PROMINENCE\WINPROM\DEBUG\TREEPASTE_DLG.SBR
C:\USERS\ESQUARED\DOCUMENTS\CODE\PROMINENCE\WINPROM\DEBUG\TREESELECTFILTER_DLG.OBJ
C:\USERS\ESQUARED\DOCUMENTS\CODE\PROMINENCE\WINPROM\DEBUG\TREESELECTFILTER_DLG.SBR
C:\Users\esquared\Documents\code\prominence\winprom\Debug\vc100.idb
C:\USERS\ESQUARED\DOCUMENTS\CODE\PROMINENCE\WINPROM\DEBUG\VC100.PDB
C:\Users\esquared\Documents\code\prominence\winprom\Debug\vc60.idb
C:\Users\esquared\Documents\code\prominence\winprom\Debug\vc60.pdb
C:\USERS\ESQUARED\DOCUMENTS\CODE\PROMINENCE\WINPROM\DEBUG\WALKLISTVIEW.OBJ
C:\USERS\ESQUARED\DOCUMENTS\CODE\PROMINENCE\WINPROM\DEBUG\WALKLISTVIEW.SBR
C:\Users\esquared\Documents\code\prominence\winprom\Debug\winprom.bsc
C:\Users\esquared\Documents\code\prominence\winprom\Debug\winprom.ilk
C:\USERS\ESQUARED\DOCUMENTS\CODE\PROMINENCE\WINPROM\DEBUG\WINPROM.OBJ
C:\USERS\ESQUARED\DOCUMENTS\CODE\PROMINENCE\WINPROM\DEBUG\WINPROM.PCH
C:\Users\esquared\Documents\code\prominence\winprom\Debug\winprom.res
C:\USERS\ESQUARED\DOCUMENTS\CODE\PROMINENCE\WINPROM\DEBUG\WINPROM.SBR
C:\Users\esquared\Documents\code\prominence\winprom\Debug\winprom.vcxprojResolveAssemblyReference.cache
C:\Users\esquared\Documents\code\prominence\winprom\Debug\winprom.write.1.tlog
C:\USERS\ESQUARED\DOCUMENTS\CODE\PROMINENCE\WINPROM\DEBUG\WSINFO_DLG.OBJ
C:\USERS\ESQUARED\DOCUMENTS\CODE\PROMINENCE\WINPROM\DEBUG\WSINFO_DLG.SBR
C:\USERS\ESQUARED\DOCUMENTS\CODE\PROMINENCE\WINPROM\DEBUG\XFERTREE_DLG.OBJ
C:\USERS\ESQUARED\DOCUMENTS\CODE\PROMINENCE\WINPROM\DEBUG\XFERTREE_DLG.SBR
